---------- Date: 2015-06-26 22:37:53 ~ IP : 127.0.0.1 ----------
REQUEST URI : /admin/
VQMod::_parseMods - DOM UNABLE TO LOAD: /var/www/ascari/vqmod/xml/khaled_djokage_valuable_reviews.xml
VQMod::_parseMods - FILE "/var/www/ascari/vqmod/xml/subscribe.xml" REQUIRES VQMOD "2.5.0" OR ABOVE AND HAS BEEN SKIPPED
----------------------------------------------------------------------


---------- Date: 2015-06-26 22:39:10 ~ IP : 127.0.0.1 ----------
REQUEST URI : /admin/index.php?route=tool/vqmod_manager&amp;token=f6e2293acf1c10810f094dc12b70cc6a
VQMod::_parseMods - FILE "/var/www/ascari/vqmod/xml/subscribe.xml" REQUIRES VQMOD "2.5.0" OR ABOVE AND HAS BEEN SKIPPED
----------------------------------------------------------------------


---------- Date: 2015-06-26 22:44:06 ~ IP : 127.0.0.1 ----------
REQUEST URI : /admin/index.php?route=extension/module&amp;token=f6e2293acf1c10810f094dc12b70cc6a
VQMod::_parseMods - FILE "/var/www/ascari/vqmod/xml/subscribe.xml" REQUIRES VQMOD "2.5.0" OR ABOVE AND HAS BEEN SKIPPED
VQMod::_parseMods - DOM UNABLE TO LOAD: /var/www/ascari/vqmod/xml/vqmod_yotpo.xml
----------------------------------------------------------------------


---------- Date: 2015-06-26 22:45:07 ~ IP : 127.0.0.1 ----------
REQUEST URI : /admin/index.php?route=tool/vqmod_manager&amp;token=f6e2293acf1c10810f094dc12b70cc6a
VQMod::_parseMods - FILE "/var/www/ascari/vqmod/xml/subscribe.xml" REQUIRES VQMOD "2.5.0" OR ABOVE AND HAS BEEN SKIPPED
----------------------------------------------------------------------


---------- Date: 2015-06-26 22:49:03 ~ IP : 127.0.0.1 ----------
REQUEST URI : /index.php?route=product/product&amp;path=20&amp;product_id=47
VQMod::_parseMods - DOM UNABLE TO LOAD: /var/www/ascari/vqmod/xml/reviews-stars-v2.1.xml
VQMod::_parseMods - FILE "/var/www/ascari/vqmod/xml/subscribe.xml" REQUIRES VQMOD "2.5.0" OR ABOVE AND HAS BEEN SKIPPED
----------------------------------------------------------------------


---------- Date: 2015-06-26 22:50:20 ~ IP : 127.0.0.1 ----------
REQUEST URI : /index.php?route=product/product&amp;path=20&amp;product_id=47
VQMod::_parseMods - DOM UNABLE TO LOAD: /var/www/ascari/vqmod/xml/reviews-stars-v2.1.xml
VQMod::_parseMods - FILE "/var/www/ascari/vqmod/xml/subscribe.xml" REQUIRES VQMOD "2.5.0" OR ABOVE AND HAS BEEN SKIPPED
----------------------------------------------------------------------


---------- Date: 2015-06-26 22:56:35 ~ IP : 127.0.0.1 ----------
REQUEST URI : /admin/index.php?route=tool/vqmod_manager&amp;token=f6e2293acf1c10810f094dc12b70cc6a
VQMod::_parseMods - DOM UNABLE TO LOAD: /var/www/ascari/vqmod/xml/reviews-stars-v2.1.xml
VQMod::_parseMods - FILE "/var/www/ascari/vqmod/xml/subscribe.xml" REQUIRES VQMOD "2.5.0" OR ABOVE AND HAS BEEN SKIPPED
----------------------------------------------------------------------


---------- Date: 2015-06-26 22:59:07 ~ IP : 127.0.0.1 ----------
REQUEST URI : /admin/index.php?route=tool/vqmod_manager&amp;token=f6e2293acf1c10810f094dc12b70cc6a
VQMod::_parseMods - DOM UNABLE TO LOAD: /var/www/ascari/vqmod/xml/reviews-stars-v2.1.xml
VQMod::_parseMods - FILE "/var/www/ascari/vqmod/xml/subscribe.xml" REQUIRES VQMOD "2.5.0" OR ABOVE AND HAS BEEN SKIPPED
----------------------------------------------------------------------


